<?xml version="1.0" encoding="UTF-8"?>
<testng-results ignored="1" total="2" passed="1" failed="0" skipped="0">
  <reporter-output>
  </reporter-output>
  <suite started-at="2021-10-13T22:33:48 IST" name="Default suite" finished-at="2021-10-13T22:34:16 IST" duration-ms="27849">
    <groups>
    </groups>
    <test started-at="2021-10-13T22:33:48 IST" name="Default test" finished-at="2021-10-13T22:34:16 IST" duration-ms="27849">
      <class name="Module1.Hometest">
        <test-method is-config="true" signature="beforeClass()[pri:0, instance:Module1.Hometest@10d307f1]" started-at="2021-10-13T22:33:48 IST" name="beforeClass" finished-at="2021-10-13T22:34:01 IST" duration-ms="13258" status="PASS">
          <reporter-output>
          </reporter-output>
        </test-method> <!-- beforeClass -->
        <test-method is-config="true" signature="beforeMethod()[pri:0, instance:Module1.Hometest@10d307f1]" started-at="2021-10-13T22:34:01 IST" name="beforeMethod" finished-at="2021-10-13T22:34:07 IST" duration-ms="5209" status="PASS">
          <reporter-output>
          </reporter-output>
        </test-method> <!-- beforeMethod -->
        <test-method signature="editdetails()[pri:0, instance:Module1.Hometest@10d307f1]" started-at="2021-10-13T22:34:07 IST" name="editdetails" finished-at="2021-10-13T22:34:11 IST" duration-ms="4736" status="PASS">
          <reporter-output>
          </reporter-output>
        </test-method> <!-- editdetails -->
        <test-method is-config="true" signature="afterMethod()[pri:0, instance:Module1.Hometest@10d307f1]" started-at="2021-10-13T22:34:11 IST" name="afterMethod" finished-at="2021-10-13T22:34:16 IST" duration-ms="4415" status="PASS">
          <reporter-output>
          </reporter-output>
        </test-method> <!-- afterMethod -->
        <test-method is-config="true" signature="afterClass()[pri:0, instance:Module1.Hometest@10d307f1]" started-at="2021-10-13T22:34:16 IST" name="afterClass" finished-at="2021-10-13T22:34:16 IST" duration-ms="180" status="PASS">
          <reporter-output>
          </reporter-output>
        </test-method> <!-- afterClass -->
        <test-method is-config="true" signature="afterSuite()[pri:0, instance:Module1.Hometest@10d307f1]" started-at="2021-10-13T22:34:16 IST" name="afterSuite" finished-at="2021-10-13T22:34:16 IST" duration-ms="1" status="PASS">
          <reporter-output>
          </reporter-output>
        </test-method> <!-- afterSuite -->
      </class> <!-- Module1.Hometest -->
    </test> <!-- Default test -->
  </suite> <!-- Default suite -->
</testng-results>
