<?xml version="1.0" encoding="UTF-8"?>
<testng-results ignored="0" total="1" passed="1" failed="0" skipped="0">
  <reporter-output>
  </reporter-output>
  <suite started-at="2023-09-28T01:14:22 IST" name="Default suite" finished-at="2023-09-28T01:14:34 IST" duration-ms="11426">
    <groups>
    </groups>
    <test started-at="2023-09-28T01:14:22 IST" name="Default test" finished-at="2023-09-28T01:14:34 IST" duration-ms="11426">
      <class name="Executiontest.Logintest">
        <test-method signature="DemoTest()[pri:0, instance:Executiontest.Logintest@74ea2410]" started-at="2023-09-28T01:14:22 IST" name="DemoTest" finished-at="2023-09-28T01:14:34 IST" duration-ms="11351" status="PASS">
          <reporter-output>
          </reporter-output>
        </test-method> <!-- DemoTest -->
      </class> <!-- Executiontest.Logintest -->
    </test> <!-- Default test -->
  </suite> <!-- Default suite -->
</testng-results>
